[debug] [2024-05-10T17:18:09.135Z] ----------------------------------------------------------------------
[debug] [2024-05-10T17:18:09.137Z] Command:       C:\Program Files\nodejs\node.exe C:\Program Files\nodejs\node_modules\firebase-tools\lib\bin\firebase.js init
[debug] [2024-05-10T17:18:09.137Z] CLI Version:   13.6.0
[debug] [2024-05-10T17:18:09.137Z] Platform:      win32
[debug] [2024-05-10T17:18:09.137Z] Node Version:  v20.12.0
[debug] [2024-05-10T17:18:09.137Z] Time:          Fri May 10 2024 18:18:09 GMT+0100 (British Summer Time)
[debug] [2024-05-10T17:18:09.138Z] ----------------------------------------------------------------------
[debug] 
[debug] [2024-05-10T17:18:09.140Z] >>> [apiv2][query] GET https://firebase-public.firebaseio.com/cli.json [none]
[debug] [2024-05-10T17:18:09.174Z] > command requires scopes: ["email","openid","https://www.googleapis.com/auth/cloudplatformprojects.readonly","https://www.googleapis.com/auth/firebase","https://www.googleapis.com/auth/cloud-platform"]
[debug] [2024-05-10T17:18:09.174Z] > authorizing via signed-in user (aurorasean@gmail.com)
[info] 
     ######## #### ########  ######## ########     ###     ######  ########
     ##        ##  ##     ## ##       ##     ##  ##   ##  ##       ##
     ######    ##  ########  ######   ########  #########  ######  ######
     ##        ##  ##    ##  ##       ##     ## ##     ##       ## ##
     ##       #### ##     ## ######## ########  ##     ##  ######  ########

You're about to initialize a Firebase project in this directory:

  C:\sandbox\Projects\project-positive-cube

Before we get started, keep in mind:

  * You are currently outside your home directory

[debug] [2024-05-10T17:18:09.418Z] <<< [apiv2][status] GET https://firebase-public.firebaseio.com/cli.json 200
[debug] [2024-05-10T17:18:09.419Z] <<< [apiv2][body] GET https://firebase-public.firebaseio.com/cli.json {"cloudBuildErrorAfter":1594252800000,"cloudBuildWarnAfter":1590019200000,"defaultNode10After":1594252800000,"minVersion":"3.0.5","node8DeploysDisabledAfter":1613390400000,"node8RuntimeDisabledAfter":1615809600000,"node8WarnAfter":1600128000000}
